<?xml version="1.0" encoding="UTF-8"?>
<!-- Generated by org.testng.reporters.JUnitReportReporter -->
<testsuite hostname="DESKTOP-J9MFN47" failures="0" tests="3" name="api.tests.PetStoreAPITest" time="9.822" errors="0" timestamp="24 Feb 2023 05:55:44 GMT" skipped="0">
  <testcase classname="api.tests.PetStoreAPITest" name="GetPet" time="1.267"/>
  <testcase classname="api.tests.PetStoreAPITest" name="AddPet" time="4.676"/>
  <testcase classname="api.tests.PetStoreAPITest" name="UpdatePet" time="3.879"/>
</testsuite> <!-- api.tests.PetStoreAPITest -->
