<?xml version="1.0" encoding="UTF-8"?>
<!-- Generated by org.testng.reporters.JUnitReportReporter -->
<testsuite hostname="DESKTOP-J9MFN47" failures="0" tests="1" name="com.tests.HomeTest" time="24.613" errors="0" timestamp="24 Feb 2023 05:55:04 GMT" skipped="0">
  <testcase classname="com.tests.HomeTest" name="VerifySearchedProductFromList" time="24.613"/>
</testsuite> <!-- com.tests.HomeTest -->
